  [1m[35m (4.8ms)[0m  [1m[35mCREATE TABLE "schema_migrations" ("version" varchar NOT NULL PRIMARY KEY)[0m
  [1m[35m (0.3ms)[0m  [1m[35mCREATE TABLE "ar_internal_metadata" ("key" varchar NOT NULL PRIMARY KEY, "value" varchar, "created_at" datetime(6) NOT NULL, "updated_at" datetime(6) NOT NULL)[0m
  [1m[36mActiveRecord::InternalMetadata Load (0.5ms)[0m  [1m[34mSELECT * FROM "ar_internal_metadata" WHERE "ar_internal_metadata"."key" = ? ORDER BY "ar_internal_metadata"."key" ASC LIMIT 1[0m  [[nil, "environment"]]
  [1m[36mActiveRecord::InternalMetadata Create (0.6ms)[0m  [1m[32mINSERT INTO "ar_internal_metadata" ("key", "value", "created_at", "updated_at") VALUES ('environment', 'development', '2025-04-24 13:11:28.636484', '2025-04-24 13:11:28.636487') RETURNING "key"[0m
  [1m[36mActiveRecord::SchemaMigration Load (0.1ms)[0m  [1m[34mSELECT "schema_migrations"."version" FROM "schema_migrations" ORDER BY "schema_migrations"."version" ASC[0m
Migrating to CreateCities (20250424124138)
  [1m[36mTRANSACTION (0.0ms)[0m  [1m[36mbegin transaction[0m
  [1m[35m (2.9ms)[0m  [1m[35mCREATE TABLE "cities" ("id" integer PRIMARY KEY AUTOINCREMENT NOT NULL, "name" varchar)[0m
  [1m[35m (0.2ms)[0m  [1m[35mCREATE INDEX "index_cities_on_name" ON "cities" ("name")[0m
  [1m[36mActiveRecord::SchemaMigration Create (0.1ms)[0m  [1m[32mINSERT INTO "schema_migrations" ("version") VALUES ('20250424124138') RETURNING "version"[0m
  [1m[36mTRANSACTION (0.1ms)[0m  [1m[36mcommit transaction[0m
Migrating to CreateGreenspaces (20250424124143)
  [1m[36mTRANSACTION (0.0ms)[0m  [1m[36mbegin transaction[0m
  [1m[35m (1.1ms)[0m  [1m[35mCREATE TABLE "greenspaces" ("id" integer PRIMARY KEY AUTOINCREMENT NOT NULL, "name" varchar)[0m
  [1m[35m (0.1ms)[0m  [1m[35mCREATE INDEX "index_greenspaces_on_name" ON "greenspaces" ("name")[0m
  [1m[36mActiveRecord::SchemaMigration Create (0.1ms)[0m  [1m[32mINSERT INTO "schema_migrations" ("version") VALUES ('20250424124143') RETURNING "version"[0m
  [1m[36mTRANSACTION (4.5ms)[0m  [1m[36mcommit transaction[0m
Migrating to CreateHikes (20250424124148)
  [1m[36mTRANSACTION (1.3ms)[0m  [1m[36mbegin transaction[0m
  [1m[35m (4.5ms)[0m  [1m[35mCREATE TABLE "hikes" ("id" integer PRIMARY KEY AUTOINCREMENT NOT NULL, "date" date, "greenspace_id_id" integer NOT NULL, "distance" integer, "waste" varchar, CONSTRAINT "fk_rails_7f259c65f7"
FOREIGN KEY ("greenspace_id_id")
  REFERENCES "greenspace_ids" ("id")
)[0m
  [1m[35m (0.5ms)[0m  [1m[35mCREATE INDEX "index_hikes_on_greenspace_id_id" ON "hikes" ("greenspace_id_id")[0m
  [1m[35m (0.3ms)[0m  [1m[35mCREATE INDEX "index_hikes_on_date" ON "hikes" ("date")[0m
  [1m[36mActiveRecord::SchemaMigration Create (3.4ms)[0m  [1m[32mINSERT INTO "schema_migrations" ("version") VALUES ('20250424124148') RETURNING "version"[0m
  [1m[36mTRANSACTION (1.3ms)[0m  [1m[36mcommit transaction[0m
Migrating to CreateLinks (20250424124154)
  [1m[36mTRANSACTION (0.6ms)[0m  [1m[36mbegin transaction[0m
  [1m[35m (2.3ms)[0m  [1m[35mCREATE TABLE "links" ("id" integer PRIMARY KEY AUTOINCREMENT NOT NULL, "ownable_type" varchar NOT NULL, "ownable_id" integer NOT NULL, "kind" varchar, "url" varchar)[0m
  [1m[35m (0.7ms)[0m  [1m[35mCREATE INDEX "index_links_on_ownable" ON "links" ("ownable_type", "ownable_id")[0m
  [1m[36mActiveRecord::SchemaMigration Create (0.7ms)[0m  [1m[32mINSERT INTO "schema_migrations" ("version") VALUES ('20250424124154') RETURNING "version"[0m
  [1m[36mTRANSACTION (0.2ms)[0m  [1m[36mcommit transaction[0m
Migrating to CreateGeos (20250424124158)
  [1m[36mTRANSACTION (1.6ms)[0m  [1m[36mbegin transaction[0m
  [1m[35m (4.5ms)[0m  [1m[35mCREATE TABLE "geos" ("id" integer PRIMARY KEY AUTOINCREMENT NOT NULL, "lat" integer, "long" integer, "street_address" varchar)[0m
  [1m[35m (0.3ms)[0m  [1m[35mCREATE INDEX "index_geos_on_street_address" ON "geos" ("street_address")[0m
  [1m[36mActiveRecord::SchemaMigration Create (0.2ms)[0m  [1m[32mINSERT INTO "schema_migrations" ("version") VALUES ('20250424124158') RETURNING "version"[0m
  [1m[36mTRANSACTION (0.1ms)[0m  [1m[36mcommit transaction[0m
  [1m[36mActiveRecord::SchemaMigration Load (1.8ms)[0m  [1m[34mSELECT "schema_migrations"."version" FROM "schema_migrations" ORDER BY "schema_migrations"."version" ASC[0m
  [1m[36mActiveRecord::SchemaMigration Load (1.8ms)[0m  [1m[34mSELECT "schema_migrations"."version" FROM "schema_migrations" ORDER BY "schema_migrations"."version" ASC[0m
  [1m[36mCity Load (0.2ms)[0m  [1m[34mSELECT "cities".* FROM "cities" WHERE "cities"."name" = ? LIMIT ?[0m  [["name", "Lithonia"], ["LIMIT", 1]]
  [1m[36mTRANSACTION (0.3ms)[0m  [1m[36mbegin transaction[0m
  [1m[36mCity Create (0.3ms)[0m  [1m[32mINSERT INTO "cities" ("name") VALUES (?) RETURNING "id"[0m  [["name", "Lithonia"]]
  [1m[36mTRANSACTION (0.3ms)[0m  [1m[36mcommit transaction[0m
  [1m[36mCity Load (0.4ms)[0m  [1m[34mSELECT "cities".* FROM "cities" WHERE "cities"."name" = ? LIMIT ?[0m  [["name", "Stockbridge"], ["LIMIT", 1]]
  [1m[36mTRANSACTION (4.5ms)[0m  [1m[36mbegin transaction[0m
  [1m[36mCity Create (12.1ms)[0m  [1m[32mINSERT INTO "cities" ("name") VALUES (?) RETURNING "id"[0m  [["name", "Stockbridge"]]
  [1m[36mTRANSACTION (0.9ms)[0m  [1m[36mcommit transaction[0m
  [1m[36mCity Load (2.6ms)[0m  [1m[34mSELECT "cities".* FROM "cities" WHERE "cities"."name" = ? LIMIT ?[0m  [["name", "McDonough"], ["LIMIT", 1]]
  [1m[36mTRANSACTION (0.3ms)[0m  [1m[36mbegin transaction[0m
  [1m[36mCity Create (4.8ms)[0m  [1m[32mINSERT INTO "cities" ("name") VALUES (?) RETURNING "id"[0m  [["name", "McDonough"]]
  [1m[36mTRANSACTION (0.2ms)[0m  [1m[36mcommit transaction[0m
  [1m[36mCity Load (0.3ms)[0m  [1m[34mSELECT "cities".* FROM "cities" WHERE "cities"."name" = ? LIMIT ?[0m  [["name", "Jonesboro"], ["LIMIT", 1]]
  [1m[36mTRANSACTION (0.7ms)[0m  [1m[36mbegin transaction[0m
  [1m[36mCity Create (5.6ms)[0m  [1m[32mINSERT INTO "cities" ("name") VALUES (?) RETURNING "id"[0m  [["name", "Jonesboro"]]
  [1m[36mTRANSACTION (0.4ms)[0m  [1m[36mcommit transaction[0m
  [1m[36mCity Load (0.7ms)[0m  [1m[34mSELECT "cities".* FROM "cities" WHERE "cities"."name" = ? LIMIT ?[0m  [["name", "Atlanta"], ["LIMIT", 1]]
  [1m[36mTRANSACTION (0.1ms)[0m  [1m[36mbegin transaction[0m
  [1m[36mCity Create (2.2ms)[0m  [1m[32mINSERT INTO "cities" ("name") VALUES (?) RETURNING "id"[0m  [["name", "Atlanta"]]
  [1m[36mTRANSACTION (0.1ms)[0m  [1m[36mcommit transaction[0m
  [1m[36mCity Load (2.7ms)[0m  [1m[34mSELECT "cities".* FROM "cities" WHERE "cities"."name" = ? LIMIT ?[0m  [["name", "Hampton"], ["LIMIT", 1]]
  [1m[36mTRANSACTION (0.4ms)[0m  [1m[36mbegin transaction[0m
  [1m[36mCity Create (1.8ms)[0m  [1m[32mINSERT INTO "cities" ("name") VALUES (?) RETURNING "id"[0m  [["name", "Hampton"]]
  [1m[36mTRANSACTION (0.1ms)[0m  [1m[36mcommit transaction[0m
  [1m[36mCity Load (0.0ms)[0m  [1m[34mSELECT "cities".* FROM "cities" WHERE "cities"."name" = ? LIMIT ?[0m  [["name", "Morrow"], ["LIMIT", 1]]
  [1m[36mTRANSACTION (0.2ms)[0m  [1m[36mbegin transaction[0m
  [1m[36mCity Create (0.9ms)[0m  [1m[32mINSERT INTO "cities" ("name") VALUES (?) RETURNING "id"[0m  [["name", "Morrow"]]
  [1m[36mTRANSACTION (0.1ms)[0m  [1m[36mcommit transaction[0m
  [1m[36mCity Load (0.1ms)[0m  [1m[34mSELECT "cities".* FROM "cities" WHERE "cities"."name" = ? LIMIT ?[0m  [["name", "Stonecrest"], ["LIMIT", 1]]
  [1m[36mTRANSACTION (0.0ms)[0m  [1m[36mbegin transaction[0m
  [1m[36mCity Create (1.3ms)[0m  [1m[32mINSERT INTO "cities" ("name") VALUES (?) RETURNING "id"[0m  [["name", "Stonecrest"]]
  [1m[36mTRANSACTION (0.0ms)[0m  [1m[36mcommit transaction[0m
  [1m[36mGreenspace Load (1.6ms)[0m  [1m[34mSELECT "greenspaces".* FROM "greenspaces" WHERE "greenspaces"."name" = ? LIMIT ?[0m  [["name", "Clark Community Park"], ["LIMIT", 1]]
  [1m[36mTRANSACTION (0.1ms)[0m  [1m[36mbegin transaction[0m
  [1m[36mGreenspace Create (0.4ms)[0m  [1m[32mINSERT INTO "greenspaces" ("name") VALUES (?) RETURNING "id"[0m  [["name", "Clark Community Park"]]
  [1m[36mTRANSACTION (0.2ms)[0m  [1m[36mcommit transaction[0m
  [1m[36mGreenspace Load (0.3ms)[0m  [1m[34mSELECT "greenspaces".* FROM "greenspaces" WHERE "greenspaces"."name" = ? LIMIT ?[0m  [["name", "Doll's Head Trail"], ["LIMIT", 1]]
  [1m[36mTRANSACTION (0.0ms)[0m  [1m[36mbegin transaction[0m
  [1m[36mGreenspace Create (1.7ms)[0m  [1m[32mINSERT INTO "greenspaces" ("name") VALUES (?) RETURNING "id"[0m  [["name", "Doll's Head Trail"]]
  [1m[36mTRANSACTION (0.0ms)[0m  [1m[36mcommit transaction[0m
  [1m[36mGreenspace Load (0.2ms)[0m  [1m[34mSELECT "greenspaces".* FROM "greenspaces" WHERE "greenspaces"."name" = ? LIMIT ?[0m  [["name", "Clayton Connects"], ["LIMIT", 1]]
  [1m[36mTRANSACTION (0.5ms)[0m  [1m[36mbegin transaction[0m
  [1m[36mGreenspace Create (1.4ms)[0m  [1m[32mINSERT INTO "greenspaces" ("name") VALUES (?) RETURNING "id"[0m  [["name", "Clayton Connects"]]
  [1m[36mTRANSACTION (0.1ms)[0m  [1m[36mcommit transaction[0m
  [1m[36mGreenspace Load (0.0ms)[0m  [1m[34mSELECT "greenspaces".* FROM "greenspaces" WHERE "greenspaces"."name" = ? LIMIT ?[0m  [["name", "Reynold's Nature Preserve"], ["LIMIT", 1]]
  [1m[36mTRANSACTION (0.0ms)[0m  [1m[36mbegin transaction[0m
  [1m[36mGreenspace Create (0.7ms)[0m  [1m[32mINSERT INTO "greenspaces" ("name") VALUES (?) RETURNING "id"[0m  [["name", "Reynold's Nature Preserve"]]
  [1m[36mTRANSACTION (0.7ms)[0m  [1m[36mcommit transaction[0m
  [1m[36mGreenspace Load (0.0ms)[0m  [1m[34mSELECT "greenspaces".* FROM "greenspaces" WHERE "greenspaces"."name" = ? LIMIT ?[0m  [["name", "Reeves Creek Trail"], ["LIMIT", 1]]
  [1m[36mTRANSACTION (0.1ms)[0m  [1m[36mbegin transaction[0m
  [1m[36mGreenspace Create (0.8ms)[0m  [1m[32mINSERT INTO "greenspaces" ("name") VALUES (?) RETURNING "id"[0m  [["name", "Reeves Creek Trail"]]
  [1m[36mTRANSACTION (0.0ms)[0m  [1m[36mcommit transaction[0m
  [1m[36mGreenspace Load (0.0ms)[0m  [1m[34mSELECT "greenspaces".* FROM "greenspaces" WHERE "greenspaces"."name" = ? LIMIT ?[0m  [["name", "Bud Kelley Park"], ["LIMIT", 1]]
  [1m[36mTRANSACTION (0.0ms)[0m  [1m[36mbegin transaction[0m
  [1m[36mGreenspace Create (1.5ms)[0m  [1m[32mINSERT INTO "greenspaces" ("name") VALUES (?) RETURNING "id"[0m  [["name", "Bud Kelley Park"]]
  [1m[36mTRANSACTION (0.0ms)[0m  [1m[36mcommit transaction[0m
  [1m[36mGreenspace Load (0.0ms)[0m  [1m[34mSELECT "greenspaces".* FROM "greenspaces" WHERE "greenspaces"."name" = ? LIMIT ?[0m  [["name", "Arabia Mountain Meadow Loop"], ["LIMIT", 1]]
  [1m[36mTRANSACTION (0.0ms)[0m  [1m[36mbegin transaction[0m
  [1m[36mGreenspace Create (0.8ms)[0m  [1m[32mINSERT INTO "greenspaces" ("name") VALUES (?) RETURNING "id"[0m  [["name", "Arabia Mountain Meadow Loop"]]
  [1m[36mTRANSACTION (0.1ms)[0m  [1m[36mcommit transaction[0m
  [1m[36mGreenspace Load (0.0ms)[0m  [1m[34mSELECT "greenspaces".* FROM "greenspaces" WHERE "greenspaces"."name" = ? LIMIT ?[0m  [["name", "Pates Creek Nature Preserve"], ["LIMIT", 1]]
  [1m[36mTRANSACTION (0.0ms)[0m  [1m[36mbegin transaction[0m
  [1m[36mGreenspace Create (0.8ms)[0m  [1m[32mINSERT INTO "greenspaces" ("name") VALUES (?) RETURNING "id"[0m  [["name", "Pates Creek Nature Preserve"]]
  [1m[36mTRANSACTION (0.0ms)[0m  [1m[36mcommit transaction[0m
  [1m[36mGreenspace Load (0.0ms)[0m  [1m[34mSELECT "greenspaces".* FROM "greenspaces" WHERE "greenspaces"."name" = ? LIMIT ?[0m  [["name", "JP Mosley Park"], ["LIMIT", 1]]
  [1m[36mTRANSACTION (0.0ms)[0m  [1m[36mbegin transaction[0m
  [1m[36mGreenspace Create (0.7ms)[0m  [1m[32mINSERT INTO "greenspaces" ("name") VALUES (?) RETURNING "id"[0m  [["name", "JP Mosley Park"]]
  [1m[36mTRANSACTION (0.1ms)[0m  [1m[36mcommit transaction[0m
  [1m[36mGreenspace Load (0.1ms)[0m  [1m[34mSELECT "greenspaces".* FROM "greenspaces" WHERE "greenspaces"."name" = ? LIMIT ?[0m  [["name", "Panola Mountain Greenway"], ["LIMIT", 1]]
  [1m[36mTRANSACTION (0.0ms)[0m  [1m[36mbegin transaction[0m
  [1m[36mGreenspace Create (0.9ms)[0m  [1m[32mINSERT INTO "greenspaces" ("name") VALUES (?) RETURNING "id"[0m  [["name", "Panola Mountain Greenway"]]
  [1m[36mTRANSACTION (0.2ms)[0m  [1m[36mcommit transaction[0m
  [1m[36mGreenspace Load (0.1ms)[0m  [1m[34mSELECT "greenspaces".* FROM "greenspaces" WHERE "greenspaces"."name" = ? LIMIT ?[0m  [["name", "Memorial Park"], ["LIMIT", 1]]
  [1m[36mTRANSACTION (0.0ms)[0m  [1m[36mbegin transaction[0m
  [1m[36mGreenspace Create (0.8ms)[0m  [1m[32mINSERT INTO "greenspaces" ("name") VALUES (?) RETURNING "id"[0m  [["name", "Memorial Park"]]
  [1m[36mTRANSACTION (0.0ms)[0m  [1m[36mcommit transaction[0m
  [1m[36mGreenspace Load (0.0ms)[0m  [1m[34mSELECT "greenspaces".* FROM "greenspaces" WHERE "greenspaces"."name" = ? LIMIT ?[0m  [["name", "Clayton County International Park"], ["LIMIT", 1]]
  [1m[36mTRANSACTION (0.0ms)[0m  [1m[36mbegin transaction[0m
  [1m[36mGreenspace Create (0.7ms)[0m  [1m[32mINSERT INTO "greenspaces" ("name") VALUES (?) RETURNING "id"[0m  [["name", "Clayton County International Park"]]
  [1m[36mTRANSACTION (0.0ms)[0m  [1m[36mcommit transaction[0m
  [1m[36mGreenspace Load (0.0ms)[0m  [1m[34mSELECT "greenspaces".* FROM "greenspaces" WHERE "greenspaces"."name" = ? LIMIT ?[0m  [["name", "Private Neighborhood A"], ["LIMIT", 1]]
  [1m[36mTRANSACTION (0.0ms)[0m  [1m[36mbegin transaction[0m
  [1m[36mGreenspace Create (0.7ms)[0m  [1m[32mINSERT INTO "greenspaces" ("name") VALUES (?) RETURNING "id"[0m  [["name", "Private Neighborhood A"]]
  [1m[36mTRANSACTION (0.0ms)[0m  [1m[36mcommit transaction[0m
  [1m[36mGreenspace Load (0.0ms)[0m  [1m[34mSELECT "greenspaces".* FROM "greenspaces" WHERE "greenspaces"."name" = ? LIMIT ?[0m  [["name", "Alexander Park West"], ["LIMIT", 1]]
  [1m[36mTRANSACTION (0.0ms)[0m  [1m[36mbegin transaction[0m
  [1m[36mGreenspace Create (1.5ms)[0m  [1m[32mINSERT INTO "greenspaces" ("name") VALUES (?) RETURNING "id"[0m  [["name", "Alexander Park West"]]
  [1m[36mTRANSACTION (0.0ms)[0m  [1m[36mcommit transaction[0m
  [1m[36mGreenspace Load (0.0ms)[0m  [1m[34mSELECT "greenspaces".* FROM "greenspaces" WHERE "greenspaces"."name" = ? LIMIT ?[0m  [["name", "Heritage Park"], ["LIMIT", 1]]
  [1m[36mTRANSACTION (0.0ms)[0m  [1m[36mbegin transaction[0m
  [1m[36mGreenspace Create (0.7ms)[0m  [1m[32mINSERT INTO "greenspaces" ("name") VALUES (?) RETURNING "id"[0m  [["name", "Heritage Park"]]
  [1m[36mTRANSACTION (0.0ms)[0m  [1m[36mcommit transaction[0m
  [1m[36mGreenspace Load (0.0ms)[0m  [1m[34mSELECT "greenspaces".* FROM "greenspaces" WHERE "greenspaces"."name" = ? LIMIT ?[0m  [["name", "Wickery Bridge"], ["LIMIT", 1]]
  [1m[36mTRANSACTION (0.0ms)[0m  [1m[36mbegin transaction[0m
  [1m[36mGreenspace Create (0.8ms)[0m  [1m[32mINSERT INTO "greenspaces" ("name") VALUES (?) RETURNING "id"[0m  [["name", "Wickery Bridge"]]
  [1m[36mTRANSACTION (0.0ms)[0m  [1m[36mcommit transaction[0m
  [1m[36mGreenspace Load (0.0ms)[0m  [1m[34mSELECT "greenspaces".* FROM "greenspaces" WHERE "greenspaces"."name" = ? LIMIT ?[0m  [["name", "Newman Wetlands Center"], ["LIMIT", 1]]
  [1m[36mTRANSACTION (0.0ms)[0m  [1m[36mbegin transaction[0m
  [1m[36mGreenspace Create (0.7ms)[0m  [1m[32mINSERT INTO "greenspaces" ("name") VALUES (?) RETURNING "id"[0m  [["name", "Newman Wetlands Center"]]
  [1m[36mTRANSACTION (0.0ms)[0m  [1m[36mcommit transaction[0m
  [1m[36mActiveRecord::SchemaMigration Load (2.9ms)[0m  [1m[34mSELECT "schema_migrations"."version" FROM "schema_migrations" ORDER BY "schema_migrations"."version" ASC[0m
  [1m[36mActiveRecord::InternalMetadata Load (0.7ms)[0m  [1m[34mSELECT * FROM "ar_internal_metadata" WHERE "ar_internal_metadata"."key" = ? ORDER BY "ar_internal_metadata"."key" ASC LIMIT 1[0m  [[nil, "environment"]]
  [1m[36mActiveRecord::SchemaMigration Load (0.0ms)[0m  [1m[34mSELECT "schema_migrations"."version" FROM "schema_migrations" ORDER BY "schema_migrations"."version" ASC[0m
  [1m[36mActiveRecord::InternalMetadata Load (0.3ms)[0m  [1m[34mSELECT * FROM "ar_internal_metadata" WHERE "ar_internal_metadata"."key" = ? ORDER BY "ar_internal_metadata"."key" ASC LIMIT 1[0m  [[nil, "environment"]]
  [1m[36mActiveRecord::SchemaMigration Load (0.3ms)[0m  [1m[34mSELECT "schema_migrations"."version" FROM "schema_migrations" ORDER BY "schema_migrations"."version" ASC[0m
  [1m[36mActiveRecord::InternalMetadata Load (0.1ms)[0m  [1m[34mSELECT * FROM "ar_internal_metadata" WHERE "ar_internal_metadata"."key" = ? ORDER BY "ar_internal_metadata"."key" ASC LIMIT 1[0m  [[nil, "environment"]]
  [1m[35m (4.6ms)[0m  [1m[35mCREATE TABLE "schema_migrations" ("version" varchar NOT NULL PRIMARY KEY)[0m
  [1m[35m (0.3ms)[0m  [1m[35mCREATE TABLE "ar_internal_metadata" ("key" varchar NOT NULL PRIMARY KEY, "value" varchar, "created_at" datetime(6) NOT NULL, "updated_at" datetime(6) NOT NULL)[0m
  [1m[36mActiveRecord::InternalMetadata Load (0.3ms)[0m  [1m[34mSELECT * FROM "ar_internal_metadata" WHERE "ar_internal_metadata"."key" = ? ORDER BY "ar_internal_metadata"."key" ASC LIMIT 1[0m  [[nil, "environment"]]
  [1m[36mActiveRecord::InternalMetadata Create (0.5ms)[0m  [1m[32mINSERT INTO "ar_internal_metadata" ("key", "value", "created_at", "updated_at") VALUES ('environment', 'development', '2025-04-24 13:16:21.895468', '2025-04-24 13:16:21.895471') RETURNING "key"[0m
  [1m[36mActiveRecord::SchemaMigration Load (0.1ms)[0m  [1m[34mSELECT "schema_migrations"."version" FROM "schema_migrations" ORDER BY "schema_migrations"."version" ASC[0m
Migrating to CreateCities (20250424124138)
  [1m[36mTRANSACTION (0.1ms)[0m  [1m[36mbegin transaction[0m
  [1m[35m (3.5ms)[0m  [1m[35mCREATE TABLE "cities" ("id" integer PRIMARY KEY AUTOINCREMENT NOT NULL, "name" varchar)[0m
  [1m[35m (0.2ms)[0m  [1m[35mCREATE INDEX "index_cities_on_name" ON "cities" ("name")[0m
  [1m[36mActiveRecord::SchemaMigration Create (0.1ms)[0m  [1m[32mINSERT INTO "schema_migrations" ("version") VALUES ('20250424124138') RETURNING "version"[0m
  [1m[36mTRANSACTION (0.1ms)[0m  [1m[36mcommit transaction[0m
Migrating to CreateGreenspaces (20250424124143)
  [1m[36mTRANSACTION (0.0ms)[0m  [1m[36mbegin transaction[0m
  [1m[35m (1.1ms)[0m  [1m[35mCREATE TABLE "greenspaces" ("id" integer PRIMARY KEY AUTOINCREMENT NOT NULL, "name" varchar)[0m
  [1m[35m (0.1ms)[0m  [1m[35mCREATE INDEX "index_greenspaces_on_name" ON "greenspaces" ("name")[0m
  [1m[36mActiveRecord::SchemaMigration Create (0.1ms)[0m  [1m[32mINSERT INTO "schema_migrations" ("version") VALUES ('20250424124143') RETURNING "version"[0m
  [1m[36mTRANSACTION (3.9ms)[0m  [1m[36mcommit transaction[0m
Migrating to CreateHikes (20250424124148)
  [1m[36mTRANSACTION (1.6ms)[0m  [1m[36mbegin transaction[0m
  [1m[35m (5.4ms)[0m  [1m[35mCREATE TABLE "hikes" ("id" integer PRIMARY KEY AUTOINCREMENT NOT NULL, "date" date, "greenspace_id" integer NOT NULL, "distance" integer, "waste" varchar, CONSTRAINT "fk_rails_f08333c8ad"
FOREIGN KEY ("greenspace_id")
  REFERENCES "greenspaces" ("id")
)[0m
  [1m[35m (0.5ms)[0m  [1m[35mCREATE INDEX "index_hikes_on_greenspace_id" ON "hikes" ("greenspace_id")[0m
  [1m[35m (0.3ms)[0m  [1m[35mCREATE INDEX "index_hikes_on_date" ON "hikes" ("date")[0m
  [1m[36mActiveRecord::SchemaMigration Create (3.6ms)[0m  [1m[32mINSERT INTO "schema_migrations" ("version") VALUES ('20250424124148') RETURNING "version"[0m
  [1m[36mTRANSACTION (1.1ms)[0m  [1m[36mcommit transaction[0m
Migrating to CreateLinks (20250424124154)
  [1m[36mTRANSACTION (0.7ms)[0m  [1m[36mbegin transaction[0m
  [1m[35m (3.0ms)[0m  [1m[35mCREATE TABLE "links" ("id" integer PRIMARY KEY AUTOINCREMENT NOT NULL, "ownable_type" varchar NOT NULL, "ownable_id" integer NOT NULL, "kind" varchar, "url" varchar)[0m
  [1m[35m (0.7ms)[0m  [1m[35mCREATE INDEX "index_links_on_ownable" ON "links" ("ownable_type", "ownable_id")[0m
  [1m[36mActiveRecord::SchemaMigration Create (0.7ms)[0m  [1m[32mINSERT INTO "schema_migrations" ("version") VALUES ('20250424124154') RETURNING "version"[0m
  [1m[36mTRANSACTION (0.2ms)[0m  [1m[36mcommit transaction[0m
Migrating to CreateGeos (20250424124158)
  [1m[36mTRANSACTION (1.7ms)[0m  [1m[36mbegin transaction[0m
  [1m[35m (4.3ms)[0m  [1m[35mCREATE TABLE "geos" ("id" integer PRIMARY KEY AUTOINCREMENT NOT NULL, "lat" integer, "long" integer, "street_address" varchar)[0m
  [1m[35m (0.2ms)[0m  [1m[35mCREATE INDEX "index_geos_on_street_address" ON "geos" ("street_address")[0m
  [1m[36mActiveRecord::SchemaMigration Create (0.2ms)[0m  [1m[32mINSERT INTO "schema_migrations" ("version") VALUES ('20250424124158') RETURNING "version"[0m
  [1m[36mTRANSACTION (0.1ms)[0m  [1m[36mcommit transaction[0m
  [1m[36mActiveRecord::SchemaMigration Load (1.7ms)[0m  [1m[34mSELECT "schema_migrations"."version" FROM "schema_migrations" ORDER BY "schema_migrations"."version" ASC[0m
  [1m[36mActiveRecord::SchemaMigration Load (2.0ms)[0m  [1m[34mSELECT "schema_migrations"."version" FROM "schema_migrations" ORDER BY "schema_migrations"."version" ASC[0m
  [1m[36mCity Load (0.2ms)[0m  [1m[34mSELECT "cities".* FROM "cities" WHERE "cities"."name" = ? LIMIT ?[0m  [["name", "Lithonia"], ["LIMIT", 1]]
  [1m[36mTRANSACTION (0.2ms)[0m  [1m[36mbegin transaction[0m
  [1m[36mCity Create (0.2ms)[0m  [1m[32mINSERT INTO "cities" ("name") VALUES (?) RETURNING "id"[0m  [["name", "Lithonia"]]
  [1m[36mTRANSACTION (0.3ms)[0m  [1m[36mcommit transaction[0m
  [1m[36mCity Load (0.4ms)[0m  [1m[34mSELECT "cities".* FROM "cities" WHERE "cities"."name" = ? LIMIT ?[0m  [["name", "Stockbridge"], ["LIMIT", 1]]
  [1m[36mTRANSACTION (4.4ms)[0m  [1m[36mbegin transaction[0m
  [1m[36mCity Create (11.6ms)[0m  [1m[32mINSERT INTO "cities" ("name") VALUES (?) RETURNING "id"[0m  [["name", "Stockbridge"]]
  [1m[36mTRANSACTION (1.0ms)[0m  [1m[36mcommit transaction[0m
  [1m[36mCity Load (2.7ms)[0m  [1m[34mSELECT "cities".* FROM "cities" WHERE "cities"."name" = ? LIMIT ?[0m  [["name", "McDonough"], ["LIMIT", 1]]
  [1m[36mTRANSACTION (0.3ms)[0m  [1m[36mbegin transaction[0m
  [1m[36mCity Create (4.8ms)[0m  [1m[32mINSERT INTO "cities" ("name") VALUES (?) RETURNING "id"[0m  [["name", "McDonough"]]
  [1m[36mTRANSACTION (0.1ms)[0m  [1m[36mcommit transaction[0m
  [1m[36mCity Load (0.2ms)[0m  [1m[34mSELECT "cities".* FROM "cities" WHERE "cities"."name" = ? LIMIT ?[0m  [["name", "Jonesboro"], ["LIMIT", 1]]
  [1m[36mTRANSACTION (0.7ms)[0m  [1m[36mbegin transaction[0m
  [1m[36mCity Create (6.0ms)[0m  [1m[32mINSERT INTO "cities" ("name") VALUES (?) RETURNING "id"[0m  [["name", "Jonesboro"]]
  [1m[36mTRANSACTION (0.4ms)[0m  [1m[36mcommit transaction[0m
  [1m[36mCity Load (0.7ms)[0m  [1m[34mSELECT "cities".* FROM "cities" WHERE "cities"."name" = ? LIMIT ?[0m  [["name", "Atlanta"], ["LIMIT", 1]]
  [1m[36mTRANSACTION (0.1ms)[0m  [1m[36mbegin transaction[0m
  [1m[36mCity Create (2.2ms)[0m  [1m[32mINSERT INTO "cities" ("name") VALUES (?) RETURNING "id"[0m  [["name", "Atlanta"]]
  [1m[36mTRANSACTION (0.1ms)[0m  [1m[36mcommit transaction[0m
  [1m[36mCity Load (2.7ms)[0m  [1m[34mSELECT "cities".* FROM "cities" WHERE "cities"."name" = ? LIMIT ?[0m  [["name", "Hampton"], ["LIMIT", 1]]
  [1m[36mTRANSACTION (0.4ms)[0m  [1m[36mbegin transaction[0m
  [1m[36mCity Create (1.5ms)[0m  [1m[32mINSERT INTO "cities" ("name") VALUES (?) RETURNING "id"[0m  [["name", "Hampton"]]
  [1m[36mTRANSACTION (0.1ms)[0m  [1m[36mcommit transaction[0m
  [1m[36mCity Load (0.0ms)[0m  [1m[34mSELECT "cities".* FROM "cities" WHERE "cities"."name" = ? LIMIT ?[0m  [["name", "Morrow"], ["LIMIT", 1]]
  [1m[36mTRANSACTION (0.2ms)[0m  [1m[36mbegin transaction[0m
  [1m[36mCity Create (0.9ms)[0m  [1m[32mINSERT INTO "cities" ("name") VALUES (?) RETURNING "id"[0m  [["name", "Morrow"]]
  [1m[36mTRANSACTION (0.1ms)[0m  [1m[36mcommit transaction[0m
  [1m[36mCity Load (0.1ms)[0m  [1m[34mSELECT "cities".* FROM "cities" WHERE "cities"."name" = ? LIMIT ?[0m  [["name", "Stonecrest"], ["LIMIT", 1]]
  [1m[36mTRANSACTION (0.0ms)[0m  [1m[36mbegin transaction[0m
  [1m[36mCity Create (1.2ms)[0m  [1m[32mINSERT INTO "cities" ("name") VALUES (?) RETURNING "id"[0m  [["name", "Stonecrest"]]
  [1m[36mTRANSACTION (0.1ms)[0m  [1m[36mcommit transaction[0m
  [1m[36mGreenspace Load (1.6ms)[0m  [1m[34mSELECT "greenspaces".* FROM "greenspaces" WHERE "greenspaces"."name" = ? LIMIT ?[0m  [["name", "Clark Community Park"], ["LIMIT", 1]]
  [1m[36mTRANSACTION (0.1ms)[0m  [1m[36mbegin transaction[0m
  [1m[36mGreenspace Create (0.8ms)[0m  [1m[32mINSERT INTO "greenspaces" ("name") VALUES (?) RETURNING "id"[0m  [["name", "Clark Community Park"]]
  [1m[36mTRANSACTION (0.2ms)[0m  [1m[36mcommit transaction[0m
  [1m[36mGreenspace Load (0.4ms)[0m  [1m[34mSELECT "greenspaces".* FROM "greenspaces" WHERE "greenspaces"."name" = ? LIMIT ?[0m  [["name", "Doll's Head Trail"], ["LIMIT", 1]]
  [1m[36mTRANSACTION (0.0ms)[0m  [1m[36mbegin transaction[0m
  [1m[36mGreenspace Create (1.7ms)[0m  [1m[32mINSERT INTO "greenspaces" ("name") VALUES (?) RETURNING "id"[0m  [["name", "Doll's Head Trail"]]
  [1m[36mTRANSACTION (0.1ms)[0m  [1m[36mcommit transaction[0m
  [1m[36mGreenspace Load (0.2ms)[0m  [1m[34mSELECT "greenspaces".* FROM "greenspaces" WHERE "greenspaces"."name" = ? LIMIT ?[0m  [["name", "Clayton Connects"], ["LIMIT", 1]]
  [1m[36mTRANSACTION (0.5ms)[0m  [1m[36mbegin transaction[0m
  [1m[36mGreenspace Create (1.4ms)[0m  [1m[32mINSERT INTO "greenspaces" ("name") VALUES (?) RETURNING "id"[0m  [["name", "Clayton Connects"]]
  [1m[36mTRANSACTION (0.1ms)[0m  [1m[36mcommit transaction[0m
  [1m[36mGreenspace Load (0.0ms)[0m  [1m[34mSELECT "greenspaces".* FROM "greenspaces" WHERE "greenspaces"."name" = ? LIMIT ?[0m  [["name", "Reynold's Nature Preserve"], ["LIMIT", 1]]
  [1m[36mTRANSACTION (0.0ms)[0m  [1m[36mbegin transaction[0m
  [1m[36mGreenspace Create (0.8ms)[0m  [1m[32mINSERT INTO "greenspaces" ("name") VALUES (?) RETURNING "id"[0m  [["name", "Reynold's Nature Preserve"]]
  [1m[36mTRANSACTION (0.7ms)[0m  [1m[36mcommit transaction[0m
  [1m[36mGreenspace Load (0.0ms)[0m  [1m[34mSELECT "greenspaces".* FROM "greenspaces" WHERE "greenspaces"."name" = ? LIMIT ?[0m  [["name", "Reeves Creek Trail"], ["LIMIT", 1]]
  [1m[36mTRANSACTION (0.1ms)[0m  [1m[36mbegin transaction[0m
  [1m[36mGreenspace Create (0.8ms)[0m  [1m[32mINSERT INTO "greenspaces" ("name") VALUES (?) RETURNING "id"[0m  [["name", "Reeves Creek Trail"]]
  [1m[36mTRANSACTION (0.0ms)[0m  [1m[36mcommit transaction[0m
  [1m[36mGreenspace Load (0.0ms)[0m  [1m[34mSELECT "greenspaces".* FROM "greenspaces" WHERE "greenspaces"."name" = ? LIMIT ?[0m  [["name", "Bud Kelley Park"], ["LIMIT", 1]]
  [1m[36mTRANSACTION (0.0ms)[0m  [1m[36mbegin transaction[0m
  [1m[36mGreenspace Create (1.6ms)[0m  [1m[32mINSERT INTO "greenspaces" ("name") VALUES (?) RETURNING "id"[0m  [["name", "Bud Kelley Park"]]
  [1m[36mTRANSACTION (0.0ms)[0m  [1m[36mcommit transaction[0m
  [1m[36mGreenspace Load (0.0ms)[0m  [1m[34mSELECT "greenspaces".* FROM "greenspaces" WHERE "greenspaces"."name" = ? LIMIT ?[0m  [["name", "Arabia Mountain Meadow Loop"], ["LIMIT", 1]]
  [1m[36mTRANSACTION (0.0ms)[0m  [1m[36mbegin transaction[0m
  [1m[36mGreenspace Create (0.8ms)[0m  [1m[32mINSERT INTO "greenspaces" ("name") VALUES (?) RETURNING "id"[0m  [["name", "Arabia Mountain Meadow Loop"]]
  [1m[36mTRANSACTION (0.0ms)[0m  [1m[36mcommit transaction[0m
  [1m[36mGreenspace Load (0.0ms)[0m  [1m[34mSELECT "greenspaces".* FROM "greenspaces" WHERE "greenspaces"."name" = ? LIMIT ?[0m  [["name", "Pates Creek Nature Preserve"], ["LIMIT", 1]]
  [1m[36mTRANSACTION (0.0ms)[0m  [1m[36mbegin transaction[0m
  [1m[36mGreenspace Create (0.7ms)[0m  [1m[32mINSERT INTO "greenspaces" ("name") VALUES (?) RETURNING "id"[0m  [["name", "Pates Creek Nature Preserve"]]
  [1m[36mTRANSACTION (0.0ms)[0m  [1m[36mcommit transaction[0m
  [1m[36mGreenspace Load (0.0ms)[0m  [1m[34mSELECT "greenspaces".* FROM "greenspaces" WHERE "greenspaces"."name" = ? LIMIT ?[0m  [["name", "JP Mosley Park"], ["LIMIT", 1]]
  [1m[36mTRANSACTION (0.0ms)[0m  [1m[36mbegin transaction[0m
  [1m[36mGreenspace Create (0.7ms)[0m  [1m[32mINSERT INTO "greenspaces" ("name") VALUES (?) RETURNING "id"[0m  [["name", "JP Mosley Park"]]
  [1m[36mTRANSACTION (0.0ms)[0m  [1m[36mcommit transaction[0m
  [1m[36mGreenspace Load (0.0ms)[0m  [1m[34mSELECT "greenspaces".* FROM "greenspaces" WHERE "greenspaces"."name" = ? LIMIT ?[0m  [["name", "Panola Mountain Greenway"], ["LIMIT", 1]]
  [1m[36mTRANSACTION (0.0ms)[0m  [1m[36mbegin transaction[0m
  [1m[36mGreenspace Create (9.4ms)[0m  [1m[32mINSERT INTO "greenspaces" ("name") VALUES (?) RETURNING "id"[0m  [["name", "Panola Mountain Greenway"]]
  [1m[36mTRANSACTION (0.1ms)[0m  [1m[36mcommit transaction[0m
  [1m[36mGreenspace Load (0.0ms)[0m  [1m[34mSELECT "greenspaces".* FROM "greenspaces" WHERE "greenspaces"."name" = ? LIMIT ?[0m  [["name", "Memorial Park"], ["LIMIT", 1]]
  [1m[36mTRANSACTION (0.0ms)[0m  [1m[36mbegin transaction[0m
  [1m[36mGreenspace Create (0.7ms)[0m  [1m[32mINSERT INTO "greenspaces" ("name") VALUES (?) RETURNING "id"[0m  [["name", "Memorial Park"]]
  [1m[36mTRANSACTION (0.0ms)[0m  [1m[36mcommit transaction[0m
  [1m[36mGreenspace Load (0.0ms)[0m  [1m[34mSELECT "greenspaces".* FROM "greenspaces" WHERE "greenspaces"."name" = ? LIMIT ?[0m  [["name", "Clayton County International Park"], ["LIMIT", 1]]
  [1m[36mTRANSACTION (0.0ms)[0m  [1m[36mbegin transaction[0m
  [1m[36mGreenspace Create (0.7ms)[0m  [1m[32mINSERT INTO "greenspaces" ("name") VALUES (?) RETURNING "id"[0m  [["name", "Clayton County International Park"]]
  [1m[36mTRANSACTION (0.0ms)[0m  [1m[36mcommit transaction[0m
  [1m[36mGreenspace Load (0.0ms)[0m  [1m[34mSELECT "greenspaces".* FROM "greenspaces" WHERE "greenspaces"."name" = ? LIMIT ?[0m  [["name", "Private Neighborhood A"], ["LIMIT", 1]]
  [1m[36mTRANSACTION (0.0ms)[0m  [1m[36mbegin transaction[0m
  [1m[36mGreenspace Create (0.7ms)[0m  [1m[32mINSERT INTO "greenspaces" ("name") VALUES (?) RETURNING "id"[0m  [["name", "Private Neighborhood A"]]
  [1m[36mTRANSACTION (0.0ms)[0m  [1m[36mcommit transaction[0m
  [1m[36mGreenspace Load (0.0ms)[0m  [1m[34mSELECT "greenspaces".* FROM "greenspaces" WHERE "greenspaces"."name" = ? LIMIT ?[0m  [["name", "Alexander Park West"], ["LIMIT", 1]]
  [1m[36mTRANSACTION (0.0ms)[0m  [1m[36mbegin transaction[0m
  [1m[36mGreenspace Create (1.3ms)[0m  [1m[32mINSERT INTO "greenspaces" ("name") VALUES (?) RETURNING "id"[0m  [["name", "Alexander Park West"]]
  [1m[36mTRANSACTION (0.0ms)[0m  [1m[36mcommit transaction[0m
  [1m[36mGreenspace Load (0.0ms)[0m  [1m[34mSELECT "greenspaces".* FROM "greenspaces" WHERE "greenspaces"."name" = ? LIMIT ?[0m  [["name", "Heritage Park"], ["LIMIT", 1]]
  [1m[36mTRANSACTION (0.0ms)[0m  [1m[36mbegin transaction[0m
  [1m[36mGreenspace Create (0.7ms)[0m  [1m[32mINSERT INTO "greenspaces" ("name") VALUES (?) RETURNING "id"[0m  [["name", "Heritage Park"]]
  [1m[36mTRANSACTION (0.0ms)[0m  [1m[36mcommit transaction[0m
  [1m[36mGreenspace Load (0.0ms)[0m  [1m[34mSELECT "greenspaces".* FROM "greenspaces" WHERE "greenspaces"."name" = ? LIMIT ?[0m  [["name", "Wickery Bridge"], ["LIMIT", 1]]
  [1m[36mTRANSACTION (0.0ms)[0m  [1m[36mbegin transaction[0m
  [1m[36mGreenspace Create (0.7ms)[0m  [1m[32mINSERT INTO "greenspaces" ("name") VALUES (?) RETURNING "id"[0m  [["name", "Wickery Bridge"]]
  [1m[36mTRANSACTION (0.0ms)[0m  [1m[36mcommit transaction[0m
  [1m[36mGreenspace Load (0.0ms)[0m  [1m[34mSELECT "greenspaces".* FROM "greenspaces" WHERE "greenspaces"."name" = ? LIMIT ?[0m  [["name", "Newman Wetlands Center"], ["LIMIT", 1]]
  [1m[36mTRANSACTION (0.0ms)[0m  [1m[36mbegin transaction[0m
  [1m[36mGreenspace Create (0.7ms)[0m  [1m[32mINSERT INTO "greenspaces" ("name") VALUES (?) RETURNING "id"[0m  [["name", "Newman Wetlands Center"]]
  [1m[36mTRANSACTION (0.0ms)[0m  [1m[36mcommit transaction[0m
